<?xml version="1.0" encoding="UTF-8"?>
<!-- Generated by org.testng.reporters.JUnitXMLReporter -->
<testsuite ignored="0" hostname="TY-KumarVishnuRaj" failures="1" tests="7" name="Default test" time="50.05" errors="0" timestamp="29 Jan 2022 10:55:52 GMT">
  <testcase classname="io.cucumber.testng.AbstractTestNGCucumberTests" name="runScenario" time="34.866"/>
  <testcase classname="io.cucumber.testng.AbstractTestNGCucumberTests" name="runScenario" time="37.356"/>
  <testcase classname="io.cucumber.testng.AbstractTestNGCucumberTests" name="runScenario" time="37.547"/>
  <testcase classname="io.cucumber.testng.AbstractTestNGCucumberTests" name="runScenario" time="38.933"/>
  <testcase classname="io.cucumber.testng.AbstractTestNGCucumberTests" name="runScenario" time="38.997"/>
  <testcase classname="io.cucumber.testng.AbstractTestNGCucumberTests" name="runScenario" time="45.513"/>
  <testcase classname="io.cucumber.testng.AbstractTestNGCucumberTests" name="runScenario" time="45.798">
    <failure type="org.junit.ComparisonFailure" message="expected:&amp;lt;vi[rant]&amp;gt; but was:&amp;lt;vi[shnu]&amp;gt;">
      <![CDATA[org.junit.ComparisonFailure: expected:<vi[rant]> but was:<vi[shnu]>
at org.junit.Assert.assertEquals(Assert.java:117)
at org.junit.Assert.assertEquals(Assert.java:146)
at parallelTestng.LeadPageSteps.it_show_lead_information_by_getting_first_name(LeadPageSteps.java:51)
at ✽.it show lead information by getting first name(classpath:parallelTestng/VtigerCrmAutomation.feature:21)
]]>
    </failure>
  </testcase> <!-- runScenario -->
</testsuite> <!-- Default test -->
