<?xml version="1.0" encoding="UTF-8"?>
<testsuite xmlns:xsi="http://www.w3.org/2001/XMLSchema-instance" xsi:noNamespaceSchemaLocation="https://maven.apache.org/surefire/maven-failsafe-plugin/xsd/failsafe-test-report-3.0.xsd" version="3.0" name="Naviagate Different Module By Selecting Tab" time="22.794" tests="2" errors="0" skipped="0" failures="0">
  <properties>
[...]
</properties>
  <testcase name="User should select leads module" classname="Naviagate Different Module By Selecting Tab" time="14.95"/>
  <testcase name="Module Tab section count" classname="Naviagate Different Module By Selecting Tab" time="7.84"/>
</testsuite>